<?xml version="1.0" encoding="UTF-8"?>
<testng-results ignored="0" total="2" passed="2" failed="0" skipped="0">
  <reporter-output>
  </reporter-output>
  <suite started-at="2026-03-31T20:03:40 IST" name="Surefire suite" finished-at="2026-03-31T20:03:42 IST" duration-ms="2027">
    <groups>
    </groups>
    <test started-at="2026-03-31T20:03:40 IST" name="Surefire test" finished-at="2026-03-31T20:03:42 IST" duration-ms="2027">
      <class name="tests.LoginTest">
        <test-method is-config="true" signature="setup()[pri:0, instance:tests.LoginTest@214b199c]" started-at="2026-03-31T20:03:40 IST" name="setup" finished-at="2026-03-31T20:03:42 IST" duration-ms="1829" status="PASS">
          <reporter-output>
          </reporter-output>
        </test-method> <!-- setup -->
        <test-method signature="loginPageTitleTest()[pri:0, instance:tests.LoginTest@214b199c]" started-at="2026-03-31T20:03:42 IST" name="loginPageTitleTest" finished-at="2026-03-31T20:03:42 IST" duration-ms="8" status="PASS">
          <reporter-output>
          </reporter-output>
        </test-method> <!-- loginPageTitleTest -->
        <test-method signature="verifyLogin()[pri:0, instance:tests.LoginTest@214b199c]" started-at="2026-03-31T20:03:42 IST" name="verifyLogin" finished-at="2026-03-31T20:03:42 IST" duration-ms="96" status="PASS">
          <reporter-output>
          </reporter-output>
        </test-method> <!-- verifyLogin -->
        <test-method is-config="true" signature="tearDown()[pri:0, instance:tests.LoginTest@214b199c]" started-at="2026-03-31T20:03:42 IST" name="tearDown" finished-at="2026-03-31T20:03:42 IST" duration-ms="83" status="PASS">
          <reporter-output>
          </reporter-output>
        </test-method> <!-- tearDown -->
      </class> <!-- tests.LoginTest -->
    </test> <!-- Surefire test -->
  </suite> <!-- Surefire suite -->
</testng-results>
