<?xml version="1.0" encoding="UTF-8"?>
<testng-results ignored="0" total="2" passed="2" failed="0" skipped="0">
  <reporter-output>
  </reporter-output>
  <suite started-at="2026-03-31T20:27:20 IST" name="TestSuite" finished-at="2026-03-31T20:27:22 IST" duration-ms="1973">
    <groups>
    </groups>
    <test started-at="2026-03-31T20:27:20 IST" name="LoginTest" finished-at="2026-03-31T20:27:22 IST" duration-ms="1973">
      <class name="tests.LoginTest">
        <test-method is-config="true" signature="setup()[pri:0, instance:tests.LoginTest@4d9e68d0]" started-at="2026-03-31T20:27:20 IST" name="setup" finished-at="2026-03-31T20:27:21 IST" duration-ms="1781" status="PASS">
          <reporter-output>
          </reporter-output>
        </test-method> <!-- setup -->
        <test-method signature="loginPageTitleTest()[pri:0, instance:tests.LoginTest@4d9e68d0]" started-at="2026-03-31T20:27:21 IST" name="loginPageTitleTest" finished-at="2026-03-31T20:27:21 IST" duration-ms="8" status="PASS">
          <reporter-output>
          </reporter-output>
        </test-method> <!-- loginPageTitleTest -->
        <test-method signature="verifyLogin()[pri:0, instance:tests.LoginTest@4d9e68d0]" started-at="2026-03-31T20:27:21 IST" name="verifyLogin" finished-at="2026-03-31T20:27:21 IST" duration-ms="90" status="PASS">
          <reporter-output>
          </reporter-output>
        </test-method> <!-- verifyLogin -->
        <test-method is-config="true" signature="tearDown()[pri:0, instance:tests.LoginTest@4d9e68d0]" started-at="2026-03-31T20:27:21 IST" name="tearDown" finished-at="2026-03-31T20:27:22 IST" duration-ms="84" status="PASS">
          <reporter-output>
          </reporter-output>
        </test-method> <!-- tearDown -->
      </class> <!-- tests.LoginTest -->
    </test> <!-- LoginTest -->
  </suite> <!-- TestSuite -->
</testng-results>
