<?xml version="1.0" encoding="UTF-8"?>
<testng-results ignored="0" total="1" passed="1" failed="0" skipped="0">
  <reporter-output>
  </reporter-output>
  <suite started-at="2026-03-15T12:09:46 IST" name="TestSuite" finished-at="2026-03-15T12:09:47 IST" duration-ms="1900">
    <groups>
    </groups>
    <test started-at="2026-03-15T12:09:46 IST" name="LoginTest" finished-at="2026-03-15T12:09:47 IST" duration-ms="1900">
      <class name="tests.LoginTest">
        <test-method is-config="true" signature="setup()[pri:0, instance:tests.LoginTest@50eac852]" started-at="2026-03-15T12:09:46 IST" name="setup" finished-at="2026-03-15T12:09:47 IST" duration-ms="1718" status="PASS">
          <reporter-output>
          </reporter-output>
        </test-method> <!-- setup -->
        <test-method signature="verifyLogin()[pri:0, instance:tests.LoginTest@50eac852]" started-at="2026-03-15T12:09:47 IST" name="verifyLogin" finished-at="2026-03-15T12:09:47 IST" duration-ms="91" status="PASS">
          <reporter-output>
          </reporter-output>
        </test-method> <!-- verifyLogin -->
        <test-method is-config="true" signature="tearDown()[pri:0, instance:tests.LoginTest@50eac852]" started-at="2026-03-15T12:09:47 IST" name="tearDown" finished-at="2026-03-15T12:09:47 IST" duration-ms="81" status="PASS">
          <reporter-output>
          </reporter-output>
        </test-method> <!-- tearDown -->
      </class> <!-- tests.LoginTest -->
    </test> <!-- LoginTest -->
  </suite> <!-- TestSuite -->
</testng-results>
